<?xml version="1.0" encoding="UTF-8"?>
<testng-results ignored="0" total="1" passed="1" failed="0" skipped="0">
  <reporter-output>
  </reporter-output>
  <suite started-at="2021-07-12T16:07:21 IST" name="Suite" finished-at="2021-07-12T16:07:48 IST" duration-ms="27402">
    <groups>
    </groups>
    <test started-at="2021-07-12T16:07:21 IST" name="Test" finished-at="2021-07-12T16:07:48 IST" duration-ms="27402">
      <class name="TestngScenarios.Webhandling">
        <test-method is-config="true" signature="intiate()[pri:0, instance:TestngScenarios.Webhandling@79b06cab]" started-at="2021-07-12T16:07:19 IST" name="intiate" finished-at="2021-07-12T16:07:21 IST" duration-ms="1826" status="PASS">
          <reporter-output>
          </reporter-output>
        </test-method> <!-- intiate -->
        <test-method signature="webhandling()[pri:1, instance:TestngScenarios.Webhandling@79b06cab]" started-at="2021-07-12T16:07:21 IST" name="webhandling" finished-at="2021-07-12T16:07:47 IST" duration-ms="26113" status="PASS">
          <reporter-output>
          </reporter-output>
        </test-method> <!-- webhandling -->
        <test-method is-config="true" signature="quitdr()[pri:0, instance:TestngScenarios.Webhandling@79b06cab]" started-at="2021-07-12T16:07:47 IST" name="quitdr" finished-at="2021-07-12T16:07:48 IST" duration-ms="904" status="PASS">
          <reporter-output>
          </reporter-output>
        </test-method> <!-- quitdr -->
      </class> <!-- TestngScenarios.Webhandling -->
    </test> <!-- Test -->
  </suite> <!-- Suite -->
</testng-results>
